<?xml version="1.0" encoding="UTF-8"?>
<!-- Generated by org.testng.reporters.JUnitXMLReporter -->
<testsuite hostname="Roman-PC" name="ChromeTest" tests="6" failures="0" timestamp="4 Dec 2017 16:24:35 GMT" time="42.836" errors="0">
  <testcase name="logIn" time="14.455" classname="Homework4.Homework4.MainTests"/>
  <testcase name="openGoodsPage" time="10.219" classname="Homework4.Homework4.MainTests"/>
  <testcase name="activateNewGood" time="7.858" classname="Homework4.Homework4.MainTests"/>
  <testcase name="saveGood" time="0.685" classname="Homework4.Homework4.MainTests"/>
  <testcase name="openShop" time="2.675" classname="Homework4.Homework4.MainTests"/>
  <testcase name="checkGood" time="3.335" classname="Homework4.Homework4.MainTests"/>
</testsuite> <!-- ChromeTest -->
