<?xml version="1.0" encoding="UTF-8"?>
<!-- Generated by org.testng.reporters.JUnitXMLReporter -->
<testsuite hostname="Roman-PC" name="Test" tests="2" failures="0" timestamp="4 Dec 2017 10:11:01 GMT" time="27.769" errors="0">
  <testcase name="logIn" time="0.0" classname="Homework4.Homework4.MainTests">
    <skipped/>
  </testcase> <!-- logIn -->
  <testcase name="createNewItem" time="0.0" classname="Homework4.Homework4.MainTests">
    <skipped/>
  </testcase> <!-- createNewItem -->
</testsuite> <!-- Test -->
