<?xml version="1.0" encoding="UTF-8"?>
<testng-results skipped="0" failed="0" ignored="0" total="1" passed="1">
  <reporter-output>
  </reporter-output>
  <suite name="Default suite" duration-ms="13746" started-at="2017-09-23T14:08:14Z" finished-at="2017-09-23T14:08:28Z">
    <groups>
    </groups>
    <test name="Default test" duration-ms="13746" started-at="2017-09-23T14:08:14Z" finished-at="2017-09-23T14:08:28Z">
      <class name="mavenGit.gittest.AppTestG">
        <test-method status="PASS" signature="gitPush()[pri:0, instance:mavenGit.gittest.AppTestG@653222]" name="gitPush" duration-ms="13714" started-at="2017-09-23T17:08:14Z" finished-at="2017-09-23T17:08:28Z">
          <reporter-output>
          </reporter-output>
        </test-method> <!-- gitPush -->
      </class> <!-- mavenGit.gittest.AppTestG -->
    </test> <!-- Default test -->
  </suite> <!-- Default suite -->
</testng-results>
