<?xml version="1.0" encoding="UTF-8"?>
<testng-results skipped="0" failed="1" total="1" passed="0">
  <reporter-output>
  </reporter-output>
  <suite name="Default suite" duration-ms="3241" started-at="2017-12-05T01:03:40Z" finished-at="2017-12-05T01:03:44Z">
    <groups>
    </groups>
    <test name="Default test" duration-ms="3241" started-at="2017-12-05T01:03:40Z" finished-at="2017-12-05T01:03:44Z">
      <class name="Homework5.Homework5.MainTests5">
        <test-method status="PASS" signature="enableDriver()[pri:0, instance:Homework5.Homework5.MainTests5@3bd550]" name="enableDriver" is-config="true" duration-ms="3214" started-at="2017-12-05T03:03:40Z" finished-at="2017-12-05T03:03:44Z">
          <reporter-output>
          </reporter-output>
        </test-method> <!-- enableDriver -->
        <test-method status="FAIL" signature="wholeTest()[pri:0, instance:Homework5.Homework5.MainTests5@3bd550]" name="wholeTest" duration-ms="6" started-at="2017-12-05T03:03:44Z" finished-at="2017-12-05T03:03:44Z">
          <exception class="java.lang.NullPointerException">
            <full-stacktrace>
              <![CDATA[java.lang.NullPointerException
	at Homework5.Homework5.MainTests5.wholeTest(MainTests5.java:24)
	at sun.reflect.NativeMethodAccessorImpl.invoke0(Native Method)
	at sun.reflect.NativeMethodAccessorImpl.invoke(Unknown Source)
	at sun.reflect.DelegatingMethodAccessorImpl.invoke(Unknown Source)
	at java.lang.reflect.Method.invoke(Unknown Source)
	at org.testng.internal.MethodInvocationHelper.invokeMethod(MethodInvocationHelper.java:86)
	at org.testng.internal.Invoker.invokeMethod(Invoker.java:643)
	at org.testng.internal.Invoker.invokeTestMethod(Invoker.java:820)
	at org.testng.internal.Invoker.invokeTestMethods(Invoker.java:1128)
	at org.testng.internal.TestMethodWorker.invokeTestMethods(TestMethodWorker.java:129)
	at org.testng.internal.TestMethodWorker.run(TestMethodWorker.java:112)
	at org.testng.TestRunner.privateRun(TestRunner.java:782)
	at org.testng.TestRunner.run(TestRunner.java:632)
	at org.testng.SuiteRunner.runTest(SuiteRunner.java:366)
	at org.testng.SuiteRunner.runSequentially(SuiteRunner.java:361)
	at org.testng.SuiteRunner.privateRun(SuiteRunner.java:319)
	at org.testng.SuiteRunner.run(SuiteRunner.java:268)
	at org.testng.SuiteRunnerWorker.runSuite(SuiteRunnerWorker.java:52)
	at org.testng.SuiteRunnerWorker.run(SuiteRunnerWorker.java:86)
	at org.testng.TestNG.runSuitesSequentially(TestNG.java:1244)
	at org.testng.TestNG.runSuitesLocally(TestNG.java:1169)
	at org.testng.TestNG.run(TestNG.java:1064)
	at org.testng.remote.AbstractRemoteTestNG.run(AbstractRemoteTestNG.java:114)
	at org.testng.remote.RemoteTestNG.initAndRun(RemoteTestNG.java:251)
	at org.testng.remote.RemoteTestNG.main(RemoteTestNG.java:77)
]]>
            </full-stacktrace>
          </exception> <!-- java.lang.NullPointerException -->
          <reporter-output>
          </reporter-output>
        </test-method> <!-- wholeTest -->
      </class> <!-- Homework5.Homework5.MainTests5 -->
    </test> <!-- Default test -->
  </suite> <!-- Default suite -->
</testng-results>
